{"C:\\Users\\JARI\\OneDrive\\Escritorio\\movie challenge\\DEV009-movie-challenge-fw-new\\src\\icons\\fullStart.jsx": {"path":"C:\\Users\\JARI\\OneDrive\\Escritorio\\movie challenge\\DEV009-movie-challenge-fw-new\\src\\icons\\fullStart.jsx","statementMap":{"0":{"start":{"line":2,"column":18},"end":{"line":14,"column":8}},"1":{"start":{"line":3,"column":4},"end":{"line":14,"column":8}}},"fnMap":{"0":{"name":"(anonymous_0)","decl":{"start":{"line":2,"column":18},"end":{"line":2,"column":19}},"loc":{"start":{"line":3,"column":4},"end":{"line":14,"column":8}},"line":3}},"branchMap":{},"s":{"0":1,"1":0},"f":{"0":0},"b":{},"_coverageSchema":"1a1c01bbd47fc00a2c39e90264f33305004495a9","hash":"1b7cf24007191431762cdf4f85f746db5ad0ae0f"}
,"C:\\Users\\JARI\\OneDrive\\Escritorio\\movie challenge\\DEV009-movie-challenge-fw-new\\src\\icons\\return.jsx": {"path":"C:\\Users\\JARI\\OneDrive\\Escritorio\\movie challenge\\DEV009-movie-challenge-fw-new\\src\\icons\\return.jsx","statementMap":{"0":{"start":{"line":2,"column":18},"end":{"line":16,"column":1}},"1":{"start":{"line":3,"column":2},"end":{"line":15,"column":8}}},"fnMap":{"0":{"name":"(anonymous_0)","decl":{"start":{"line":2,"column":18},"end":{"line":2,"column":19}},"loc":{"start":{"line":3,"column":2},"end":{"line":15,"column":8}},"line":3}},"branchMap":{},"s":{"0":1,"1":1},"f":{"0":1},"b":{},"_coverageSchema":"1a1c01bbd47fc00a2c39e90264f33305004495a9","hash":"94af41ad8e7beb6a5d698ec774a410b9827d748a"}
,"C:\\Users\\JARI\\OneDrive\\Escritorio\\movie challenge\\DEV009-movie-challenge-fw-new\\src\\icons\\start.jsx": {"path":"C:\\Users\\JARI\\OneDrive\\Escritorio\\movie challenge\\DEV009-movie-challenge-fw-new\\src\\icons\\start.jsx","statementMap":{"0":{"start":{"line":2,"column":14},"end":{"line":16,"column":1}},"1":{"start":{"line":3,"column":2},"end":{"line":15,"column":8}}},"fnMap":{"0":{"name":"(anonymous_0)","decl":{"start":{"line":2,"column":14},"end":{"line":2,"column":15}},"loc":{"start":{"line":3,"column":2},"end":{"line":15,"column":8}},"line":3}},"branchMap":{},"s":{"0":1,"1":5},"f":{"0":5},"b":{},"_coverageSchema":"1a1c01bbd47fc00a2c39e90264f33305004495a9","hash":"eaa877e7a0630bb64b79987f0c9c0b3f22929670"}
,"C:\\Users\\JARI\\OneDrive\\Escritorio\\movie challenge\\DEV009-movie-challenge-fw-new\\src\\services\\services.jsx": {"path":"C:\\Users\\JARI\\OneDrive\\Escritorio\\movie challenge\\DEV009-movie-challenge-fw-new\\src\\services\\services.jsx","statementMap":{"0":{"start":{"line":3,"column":23},"end":{"line":11,"column":3}},"1":{"start":{"line":5,"column":17},"end":{"line":5,"column":230}},"2":{"start":{"line":6,"column":2},"end":{"line":10,"column":7}},"3":{"start":{"line":13,"column":31},"end":{"line":21,"column":4}},"4":{"start":{"line":15,"column":18},"end":{"line":15,"column":231}},"5":{"start":{"line":16,"column":3},"end":{"line":20,"column":8}}},"fnMap":{"0":{"name":"(anonymous_0)","decl":{"start":{"line":3,"column":23},"end":{"line":3,"column":24}},"loc":{"start":{"line":3,"column":46},"end":{"line":11,"column":3}},"line":3},"1":{"name":"(anonymous_1)","decl":{"start":{"line":13,"column":31},"end":{"line":13,"column":32}},"loc":{"start":{"line":13,"column":39},"end":{"line":21,"column":4}},"line":13}},"branchMap":{},"s":{"0":1,"1":0,"2":0,"3":1,"4":0,"5":0},"f":{"0":0,"1":0},"b":{},"_coverageSchema":"1a1c01bbd47fc00a2c39e90264f33305004495a9","hash":"7a0b683ccfc2b19188d68ad2a0415dc6478e3a20"}
,"C:\\Users\\JARI\\OneDrive\\Escritorio\\movie challenge\\DEV009-movie-challenge-fw-new\\src\\views\\onlyMovie\\index.jsx": {"path":"C:\\Users\\JARI\\OneDrive\\Escritorio\\movie challenge\\DEV009-movie-challenge-fw-new\\src\\views\\onlyMovie\\index.jsx","statementMap":{"0":{"start":{"line":9,"column":25},"end":{"line":86,"column":1}},"1":{"start":{"line":10,"column":26},"end":{"line":18,"column":4}},"2":{"start":{"line":20,"column":15},"end":{"line":20,"column":26}},"3":{"start":{"line":22,"column":2},"end":{"line":43,"column":11}},"4":{"start":{"line":23,"column":24},"end":{"line":40,"column":5}},"5":{"start":{"line":24,"column":6},"end":{"line":39,"column":11}},"6":{"start":{"line":26,"column":10},"end":{"line":26,"column":53}},"7":{"start":{"line":27,"column":10},"end":{"line":35,"column":13}},"8":{"start":{"line":38,"column":10},"end":{"line":38,"column":63}},"9":{"start":{"line":42,"column":4},"end":{"line":42,"column":20}},"10":{"start":{"line":46,"column":22},"end":{"line":56,"column":3}},"11":{"start":{"line":47,"column":18},"end":{"line":47,"column":20}},"12":{"start":{"line":48,"column":4},"end":{"line":54,"column":5}},"13":{"start":{"line":48,"column":17},"end":{"line":48,"column":18}},"14":{"start":{"line":49,"column":6},"end":{"line":53,"column":7}},"15":{"start":{"line":50,"column":8},"end":{"line":50,"column":82}},"16":{"start":{"line":52,"column":8},"end":{"line":52,"column":74}},"17":{"start":{"line":55,"column":4},"end":{"line":55,"column":17}},"18":{"start":{"line":57,"column":2},"end":{"line":85,"column":4}},"19":{"start":{"line":73,"column":14},"end":{"line":75,"column":19}}},"fnMap":{"0":{"name":"(anonymous_0)","decl":{"start":{"line":9,"column":25},"end":{"line":9,"column":26}},"loc":{"start":{"line":9,"column":31},"end":{"line":86,"column":1}},"line":9},"1":{"name":"(anonymous_1)","decl":{"start":{"line":22,"column":12},"end":{"line":22,"column":13}},"loc":{"start":{"line":22,"column":18},"end":{"line":43,"column":3}},"line":22},"2":{"name":"(anonymous_2)","decl":{"start":{"line":23,"column":24},"end":{"line":23,"column":25}},"loc":{"start":{"line":23,"column":32},"end":{"line":40,"column":5}},"line":23},"3":{"name":"(anonymous_3)","decl":{"start":{"line":25,"column":14},"end":{"line":25,"column":15}},"loc":{"start":{"line":25,"column":26},"end":{"line":36,"column":9}},"line":25},"4":{"name":"(anonymous_4)","decl":{"start":{"line":37,"column":15},"end":{"line":37,"column":16}},"loc":{"start":{"line":37,"column":26},"end":{"line":39,"column":9}},"line":37},"5":{"name":"(anonymous_5)","decl":{"start":{"line":46,"column":22},"end":{"line":46,"column":23}},"loc":{"start":{"line":46,"column":34},"end":{"line":56,"column":3}},"line":46},"6":{"name":"(anonymous_6)","decl":{"start":{"line":72,"column":29},"end":{"line":72,"column":30}},"loc":{"start":{"line":73,"column":14},"end":{"line":75,"column":19}},"line":73}},"branchMap":{"0":{"loc":{"start":{"line":49,"column":6},"end":{"line":53,"column":7}},"type":"if","locations":[{"start":{"line":49,"column":6},"end":{"line":53,"column":7}},{"start":{"line":51,"column":13},"end":{"line":53,"column":7}}],"line":49}},"s":{"0":1,"1":1,"2":1,"3":1,"4":1,"5":1,"6":1,"7":1,"8":1,"9":1,"10":1,"11":1,"12":1,"13":1,"14":5,"15":0,"16":5,"17":1,"18":1,"19":0},"f":{"0":1,"1":1,"2":1,"3":1,"4":1,"5":1,"6":0},"b":{"0":[0,5]},"_coverageSchema":"1a1c01bbd47fc00a2c39e90264f33305004495a9","hash":"b9d34251ae7e083f7da2ff3003257a029adf3799"}
}
