{"C:\\Users\\JARI\\OneDrive\\Escritorio\\movie challenge\\DEV009-movie-challenge-fw-new\\src\\app.jsx": {"path":"C:\\Users\\JARI\\OneDrive\\Escritorio\\movie challenge\\DEV009-movie-challenge-fw-new\\src\\app.jsx","statementMap":{"0":{"start":{"line":9,"column":2},"end":{"line":16,"column":4}}},"fnMap":{"0":{"name":"App","decl":{"start":{"line":8,"column":9},"end":{"line":8,"column":12}},"loc":{"start":{"line":8,"column":15},"end":{"line":17,"column":1}},"line":8}},"branchMap":{},"s":{"0":1},"f":{"0":1},"b":{},"_coverageSchema":"1a1c01bbd47fc00a2c39e90264f33305004495a9","hash":"142d19ae170c9239716cba9cf9773b3d380b1511"}
,"C:\\Users\\JARI\\OneDrive\\Escritorio\\movie challenge\\DEV009-movie-challenge-fw-new\\src\\components\\header\\index.jsx": {"path":"C:\\Users\\JARI\\OneDrive\\Escritorio\\movie challenge\\DEV009-movie-challenge-fw-new\\src\\components\\header\\index.jsx","statementMap":{"0":{"start":{"line":5,"column":16},"end":{"line":12,"column":1}},"1":{"start":{"line":6,"column":2},"end":{"line":11,"column":4}}},"fnMap":{"0":{"name":"(anonymous_0)","decl":{"start":{"line":5,"column":16},"end":{"line":5,"column":17}},"loc":{"start":{"line":5,"column":22},"end":{"line":12,"column":1}},"line":5}},"branchMap":{},"s":{"0":2,"1":3},"f":{"0":3},"b":{},"_coverageSchema":"1a1c01bbd47fc00a2c39e90264f33305004495a9","hash":"361bb677d5da5424b4c020c4de8d1497f26426b0"}
,"C:\\Users\\JARI\\OneDrive\\Escritorio\\movie challenge\\DEV009-movie-challenge-fw-new\\src\\components\\loadingHome\\index.jsx": {"path":"C:\\Users\\JARI\\OneDrive\\Escritorio\\movie challenge\\DEV009-movie-challenge-fw-new\\src\\components\\loadingHome\\index.jsx","statementMap":{"0":{"start":{"line":4,"column":25},"end":{"line":11,"column":1}},"1":{"start":{"line":6,"column":4},"end":{"line":10,"column":6}}},"fnMap":{"0":{"name":"(anonymous_0)","decl":{"start":{"line":4,"column":25},"end":{"line":4,"column":26}},"loc":{"start":{"line":4,"column":31},"end":{"line":11,"column":1}},"line":4}},"branchMap":{},"s":{"0":3,"1":6},"f":{"0":6},"b":{},"_coverageSchema":"1a1c01bbd47fc00a2c39e90264f33305004495a9","hash":"03a0c67b91ce7554d7205813f5478aabf4d3112e"}
,"C:\\Users\\JARI\\OneDrive\\Escritorio\\movie challenge\\DEV009-movie-challenge-fw-new\\src\\components\\movieItem\\index.jsx": {"path":"C:\\Users\\JARI\\OneDrive\\Escritorio\\movie challenge\\DEV009-movie-challenge-fw-new\\src\\components\\movieItem\\index.jsx","statementMap":{"0":{"start":{"line":4,"column":18},"end":{"line":15,"column":1}},"1":{"start":{"line":6,"column":2},"end":{"line":14,"column":4}}},"fnMap":{"0":{"name":"(anonymous_0)","decl":{"start":{"line":4,"column":18},"end":{"line":4,"column":19}},"loc":{"start":{"line":4,"column":47},"end":{"line":15,"column":1}},"line":4}},"branchMap":{},"s":{"0":4,"1":13},"f":{"0":13},"b":{},"_coverageSchema":"1a1c01bbd47fc00a2c39e90264f33305004495a9","hash":"f8ddaf55eb447fb509164291d14d4bfa1ce47863"}
,"C:\\Users\\JARI\\OneDrive\\Escritorio\\movie challenge\\DEV009-movie-challenge-fw-new\\src\\components\\movieList\\index.jsx": {"path":"C:\\Users\\JARI\\OneDrive\\Escritorio\\movie challenge\\DEV009-movie-challenge-fw-new\\src\\components\\movieList\\index.jsx","statementMap":{"0":{"start":{"line":6,"column":18},"end":{"line":36,"column":1}},"1":{"start":{"line":8,"column":27},"end":{"line":12,"column":7}},"2":{"start":{"line":9,"column":8},"end":{"line":11,"column":9}},"3":{"start":{"line":10,"column":12},"end":{"line":10,"column":38}},"4":{"start":{"line":14,"column":25},"end":{"line":17,"column":7}},"5":{"start":{"line":15,"column":8},"end":{"line":16,"column":34}},"6":{"start":{"line":16,"column":8},"end":{"line":16,"column":34}},"7":{"start":{"line":19,"column":4},"end":{"line":35,"column":6}},"8":{"start":{"line":24,"column":44},"end":{"line":24,"column":86}},"9":{"start":{"line":25,"column":24},"end":{"line":25,"column":163}}},"fnMap":{"0":{"name":"(anonymous_0)","decl":{"start":{"line":6,"column":18},"end":{"line":6,"column":19}},"loc":{"start":{"line":6,"column":65},"end":{"line":36,"column":1}},"line":6},"1":{"name":"(anonymous_1)","decl":{"start":{"line":8,"column":27},"end":{"line":8,"column":28}},"loc":{"start":{"line":8,"column":33},"end":{"line":12,"column":7}},"line":8},"2":{"name":"(anonymous_2)","decl":{"start":{"line":14,"column":25},"end":{"line":14,"column":26}},"loc":{"start":{"line":14,"column":31},"end":{"line":17,"column":7}},"line":14},"3":{"name":"(anonymous_3)","decl":{"start":{"line":23,"column":29},"end":{"line":23,"column":30}},"loc":{"start":{"line":23,"column":38},"end":{"line":26,"column":21}},"line":23}},"branchMap":{"0":{"loc":{"start":{"line":9,"column":8},"end":{"line":11,"column":9}},"type":"if","locations":[{"start":{"line":9,"column":8},"end":{"line":11,"column":9}},{"start":{},"end":{}}],"line":9},"1":{"loc":{"start":{"line":15,"column":8},"end":{"line":16,"column":34}},"type":"if","locations":[{"start":{"line":15,"column":8},"end":{"line":16,"column":34}},{"start":{},"end":{}}],"line":15},"2":{"loc":{"start":{"line":30,"column":99},"end":{"line":30,"column":131}},"type":"cond-expr","locations":[{"start":{"line":30,"column":110},"end":{"line":30,"column":119}},{"start":{"line":30,"column":122},"end":{"line":30,"column":131}}],"line":30},"3":{"loc":{"start":{"line":32,"column":91},"end":{"line":32,"column":132}},"type":"cond-expr","locations":[{"start":{"line":32,"column":111},"end":{"line":32,"column":120}},{"start":{"line":32,"column":123},"end":{"line":32,"column":132}}],"line":32}},"s":{"0":3,"1":6,"2":2,"3":1,"4":6,"5":4,"6":3,"7":6,"8":12,"9":12},"f":{"0":6,"1":2,"2":4,"3":12},"b":{"0":[1,1],"1":[3,1],"2":[3,3],"3":[2,4]},"_coverageSchema":"1a1c01bbd47fc00a2c39e90264f33305004495a9","hash":"fe6d112df708408959c7b0842ac522f3b3c5d245"}
,"C:\\Users\\JARI\\OneDrive\\Escritorio\\movie challenge\\DEV009-movie-challenge-fw-new\\src\\icons\\arrowTriangle.jsx": {"path":"C:\\Users\\JARI\\OneDrive\\Escritorio\\movie challenge\\DEV009-movie-challenge-fw-new\\src\\icons\\arrowTriangle.jsx","statementMap":{"0":{"start":{"line":3,"column":22},"end":{"line":21,"column":1}},"1":{"start":{"line":4,"column":30},"end":{"line":4,"column":35}},"2":{"start":{"line":6,"column":17},"end":{"line":8,"column":3}},"3":{"start":{"line":10,"column":2},"end":{"line":20,"column":4}}},"fnMap":{"0":{"name":"(anonymous_0)","decl":{"start":{"line":3,"column":22},"end":{"line":3,"column":23}},"loc":{"start":{"line":3,"column":33},"end":{"line":21,"column":1}},"line":3}},"branchMap":{},"s":{"0":3,"1":12,"2":12,"3":12},"f":{"0":12},"b":{},"_coverageSchema":"1a1c01bbd47fc00a2c39e90264f33305004495a9","hash":"8ff596b9f3d80ec845537bb2663571ae4023ce23"}
,"C:\\Users\\JARI\\OneDrive\\Escritorio\\movie challenge\\DEV009-movie-challenge-fw-new\\src\\icons\\logo.jsx": {"path":"C:\\Users\\JARI\\OneDrive\\Escritorio\\movie challenge\\DEV009-movie-challenge-fw-new\\src\\icons\\logo.jsx","statementMap":{"0":{"start":{"line":2,"column":13},"end":{"line":29,"column":1}},"1":{"start":{"line":3,"column":2},"end":{"line":28,"column":8}}},"fnMap":{"0":{"name":"(anonymous_0)","decl":{"start":{"line":2,"column":13},"end":{"line":2,"column":14}},"loc":{"start":{"line":3,"column":2},"end":{"line":28,"column":8}},"line":3}},"branchMap":{},"s":{"0":2,"1":3},"f":{"0":3},"b":{},"_coverageSchema":"1a1c01bbd47fc00a2c39e90264f33305004495a9","hash":"9a6710a3b3caacb39d36c2f6c68ad1628a2c06cf"}
,"C:\\Users\\JARI\\OneDrive\\Escritorio\\movie challenge\\DEV009-movie-challenge-fw-new\\src\\services\\services.jsx": {"path":"C:\\Users\\JARI\\OneDrive\\Escritorio\\movie challenge\\DEV009-movie-challenge-fw-new\\src\\services\\services.jsx","statementMap":{"0":{"start":{"line":3,"column":23},"end":{"line":10,"column":3}},"1":{"start":{"line":4,"column":17},"end":{"line":4,"column":230}},"2":{"start":{"line":5,"column":2},"end":{"line":9,"column":7}}},"fnMap":{"0":{"name":"(anonymous_0)","decl":{"start":{"line":3,"column":23},"end":{"line":3,"column":24}},"loc":{"start":{"line":3,"column":33},"end":{"line":10,"column":3}},"line":3}},"branchMap":{},"s":{"0":2,"1":2,"2":2},"f":{"0":2},"b":{},"_coverageSchema":"1a1c01bbd47fc00a2c39e90264f33305004495a9","hash":"d26adac5b3dd56819079bd31a6445e0705afadef"}
,"C:\\Users\\JARI\\OneDrive\\Escritorio\\movie challenge\\DEV009-movie-challenge-fw-new\\src\\views\\home\\index.jsx": {"path":"C:\\Users\\JARI\\OneDrive\\Escritorio\\movie challenge\\DEV009-movie-challenge-fw-new\\src\\views\\home\\index.jsx","statementMap":{"0":{"start":{"line":10,"column":17},"end":{"line":53,"column":1}},"1":{"start":{"line":11,"column":25},"end":{"line":11,"column":37}},"2":{"start":{"line":13,"column":32},"end":{"line":13,"column":46}},"3":{"start":{"line":14,"column":40},"end":{"line":14,"column":51}},"4":{"start":{"line":16,"column":27},"end":{"line":24,"column":3}},"5":{"start":{"line":17,"column":4},"end":{"line":17,"column":28}},"6":{"start":{"line":18,"column":4},"end":{"line":22,"column":6}},"7":{"start":{"line":20,"column":6},"end":{"line":20,"column":27}},"8":{"start":{"line":21,"column":6},"end":{"line":21,"column":24}},"9":{"start":{"line":26,"column":2},"end":{"line":36,"column":11}},"10":{"start":{"line":27,"column":4},"end":{"line":34,"column":5}},"11":{"start":{"line":28,"column":6},"end":{"line":32,"column":8}},"12":{"start":{"line":30,"column":8},"end":{"line":30,"column":29}},"13":{"start":{"line":31,"column":8},"end":{"line":31,"column":26}},"14":{"start":{"line":38,"column":2},"end":{"line":52,"column":4}}},"fnMap":{"0":{"name":"(anonymous_0)","decl":{"start":{"line":10,"column":17},"end":{"line":10,"column":18}},"loc":{"start":{"line":10,"column":23},"end":{"line":53,"column":1}},"line":10},"1":{"name":"(anonymous_1)","decl":{"start":{"line":16,"column":27},"end":{"line":16,"column":28}},"loc":{"start":{"line":16,"column":40},"end":{"line":24,"column":3}},"line":16},"2":{"name":"(anonymous_2)","decl":{"start":{"line":19,"column":10},"end":{"line":19,"column":11}},"loc":{"start":{"line":19,"column":20},"end":{"line":22,"column":5}},"line":19},"3":{"name":"(anonymous_3)","decl":{"start":{"line":26,"column":12},"end":{"line":26,"column":13}},"loc":{"start":{"line":26,"column":16},"end":{"line":36,"column":3}},"line":26},"4":{"name":"(anonymous_4)","decl":{"start":{"line":29,"column":12},"end":{"line":29,"column":13}},"loc":{"start":{"line":29,"column":22},"end":{"line":32,"column":7}},"line":29}},"branchMap":{"0":{"loc":{"start":{"line":27,"column":4},"end":{"line":34,"column":5}},"type":"if","locations":[{"start":{"line":27,"column":4},"end":{"line":34,"column":5}},{"start":{},"end":{}}],"line":27},"1":{"loc":{"start":{"line":41,"column":8},"end":{"line":48,"column":29}},"type":"cond-expr","locations":[{"start":{"line":42,"column":8},"end":{"line":47,"column":10}},{"start":{"line":48,"column":10},"end":{"line":48,"column":29}}],"line":41}},"s":{"0":2,"1":10,"2":9,"3":9,"4":9,"5":2,"6":2,"7":2,"8":2,"9":9,"10":7,"11":5,"12":3,"13":3,"14":9},"f":{"0":10,"1":2,"2":2,"3":7,"4":3},"b":{"0":[5,2],"1":[4,5]},"_coverageSchema":"1a1c01bbd47fc00a2c39e90264f33305004495a9","hash":"568f3591048990e3d52cd71accfa7fe88845fd50"}
,"C:\\Users\\JARI\\OneDrive\\Escritorio\\movie challenge\\DEV009-movie-challenge-fw-new\\src\\views\\movieDetail\\index.jsx": {"path":"C:\\Users\\JARI\\OneDrive\\Escritorio\\movie challenge\\DEV009-movie-challenge-fw-new\\src\\views\\movieDetail\\index.jsx","statementMap":{"0":{"start":{"line":3,"column":21},"end":{"line":10,"column":1}},"1":{"start":{"line":4,"column":2},"end":{"line":9,"column":4}}},"fnMap":{"0":{"name":"(anonymous_0)","decl":{"start":{"line":3,"column":21},"end":{"line":3,"column":22}},"loc":{"start":{"line":3,"column":27},"end":{"line":10,"column":1}},"line":3}},"branchMap":{},"s":{"0":2,"1":1},"f":{"0":1},"b":{},"_coverageSchema":"1a1c01bbd47fc00a2c39e90264f33305004495a9","hash":"fe11f9dc966cf8fe3fd00241c243a963c5fe2efb"}
}
