TN:
SF:src\app.jsx
FN:8,App
FNF:1
FNH:1
FNDA:1,App
DA:9,1
LF:1
LH:1
BRF:0
BRH:0
end_of_record
TN:
SF:src\components\filter\index.jsx
FN:6,Filter
FN:10,(anonymous_1)
FN:12,(anonymous_2)
FN:13,(anonymous_3)
FN:37,(anonymous_4)
FN:38,(anonymous_5)
FNF:6
FNH:6
FNDA:18,Filter
FNDA:2,(anonymous_1)
FNDA:1,(anonymous_2)
FNDA:1,(anonymous_3)
FNDA:4,(anonymous_4)
FNDA:1,(anonymous_5)
DA:8,18
DA:10,18
DA:12,18
DA:13,1
DA:14,1
DA:19,18
DA:38,4
LF:7
LH:7
BRDA:20,0,0,2
BRDA:20,0,1,16
BRDA:34,1,0,18
BRDA:34,1,1,2
BRF:4
BRH:4
end_of_record
TN:
SF:src\components\header\index.jsx
FN:5,(anonymous_0)
FNF:1
FNH:1
FNDA:2,(anonymous_0)
DA:5,2
DA:6,2
LF:2
LH:2
BRF:0
BRH:0
end_of_record
TN:
SF:src\components\loadingHome\index.jsx
FN:4,(anonymous_0)
FNF:1
FNH:1
FNDA:6,(anonymous_0)
DA:4,3
DA:6,6
LF:2
LH:2
BRF:0
BRH:0
end_of_record
TN:
SF:src\components\movieItem\index.jsx
FN:5,(anonymous_0)
FNF:1
FNH:1
FNDA:9,(anonymous_0)
DA:5,4
DA:6,9
LF:2
LH:2
BRF:0
BRH:0
end_of_record
TN:
SF:src\components\movieList\index.jsx
FN:6,(anonymous_0)
FN:8,(anonymous_1)
FN:14,(anonymous_2)
FN:23,(anonymous_3)
FNF:4
FNH:4
FNDA:4,(anonymous_0)
FNDA:2,(anonymous_1)
FNDA:3,(anonymous_2)
FNDA:8,(anonymous_3)
DA:6,3
DA:8,4
DA:9,2
DA:10,1
DA:14,4
DA:15,3
DA:16,2
DA:19,4
DA:24,8
DA:25,8
LF:10
LH:10
BRDA:9,0,0,1
BRDA:9,0,1,1
BRDA:15,1,0,2
BRDA:15,1,1,1
BRDA:30,2,0,1
BRDA:30,2,1,3
BRDA:32,3,0,1
BRDA:32,3,1,3
BRF:8
BRH:8
end_of_record
TN:
SF:src\icons\arrowTriangle.jsx
FN:3,(anonymous_0)
FNF:1
FNH:1
FNDA:8,(anonymous_0)
DA:3,3
DA:4,8
DA:6,8
DA:10,8
LF:4
LH:4
BRF:0
BRH:0
end_of_record
TN:
SF:src\icons\fullStart.jsx
FN:2,(anonymous_0)
FNF:1
FNH:0
FNDA:0,(anonymous_0)
DA:2,2
DA:3,0
LF:2
LH:1
BRF:0
BRH:0
end_of_record
TN:
SF:src\icons\logo.jsx
FN:2,(anonymous_0)
FNF:1
FNH:1
FNDA:2,(anonymous_0)
DA:2,2
DA:3,2
LF:2
LH:2
BRF:0
BRH:0
end_of_record
TN:
SF:src\icons\return.jsx
FN:2,(anonymous_0)
FNF:1
FNH:1
FNDA:1,(anonymous_0)
DA:2,2
DA:3,1
LF:2
LH:2
BRF:0
BRH:0
end_of_record
TN:
SF:src\icons\start.jsx
FN:2,(anonymous_0)
FNF:1
FNH:1
FNDA:5,(anonymous_0)
DA:2,2
DA:3,5
LF:2
LH:2
BRF:0
BRH:0
end_of_record
TN:
SF:src\services\services.jsx
FN:3,(anonymous_0)
FN:13,(anonymous_1)
FNF:2
FNH:1
FNDA:1,(anonymous_0)
FNDA:0,(anonymous_1)
DA:3,3
DA:5,1
DA:6,1
DA:13,3
DA:15,0
DA:16,0
LF:6
LH:4
BRF:0
BRH:0
end_of_record
TN:
SF:src\utils\genre.js
FNF:0
FNH:0
DA:1,2
LF:1
LH:1
BRF:0
BRH:0
end_of_record
TN:
SF:src\utils\order.js
FNF:0
FNH:0
DA:1,2
LF:1
LH:1
BRF:0
BRH:0
end_of_record
TN:
SF:src\views\home\index.jsx
FN:15,(anonymous_0)
FN:24,(anonymous_1)
FN:26,(anonymous_2)
FN:29,(anonymous_3)
FN:41,(anonymous_4)
FN:46,(anonymous_5)
FN:51,(anonymous_6)
FNF:7
FNH:5
FNDA:8,(anonymous_0)
FNDA:5,(anonymous_1)
FNDA:5,(anonymous_2)
FNDA:4,(anonymous_3)
FNDA:1,(anonymous_4)
FNDA:0,(anonymous_5)
FNDA:0,(anonymous_6)
DA:15,2
DA:16,8
DA:18,7
DA:19,7
DA:20,7
DA:21,7
DA:24,7
DA:26,5
DA:27,5
DA:28,5
DA:30,4
DA:31,4
DA:38,5
DA:41,7
DA:42,1
DA:43,1
DA:46,7
DA:47,0
DA:48,0
DA:51,7
DA:52,0
DA:53,0
DA:58,7
LF:23
LH:19
BRDA:27,0,0,5
BRDA:27,0,1,0
BRDA:65,1,0,2
BRDA:65,1,1,5
BRF:4
BRH:3
end_of_record
TN:
SF:src\views\onlyMovie\index.jsx
FN:9,(anonymous_0)
FN:22,(anonymous_1)
FN:23,(anonymous_2)
FN:25,(anonymous_3)
FN:37,(anonymous_4)
FN:46,(anonymous_5)
FN:72,(anonymous_6)
FNF:7
FNH:6
FNDA:1,(anonymous_0)
FNDA:1,(anonymous_1)
FNDA:1,(anonymous_2)
FNDA:1,(anonymous_3)
FNDA:1,(anonymous_4)
FNDA:1,(anonymous_5)
FNDA:0,(anonymous_6)
DA:9,2
DA:10,1
DA:20,1
DA:22,1
DA:23,1
DA:24,1
DA:26,1
DA:27,1
DA:38,1
DA:42,1
DA:46,1
DA:47,1
DA:48,1
DA:49,5
DA:50,0
DA:52,5
DA:55,1
DA:57,1
DA:73,0
LF:19
LH:17
BRDA:49,0,0,0
BRDA:49,0,1,5
BRF:2
BRH:1
end_of_record
